<?xml version="1.0" encoding="UTF-8"?>
<!-- Generated by org.testng.reporters.JUnitReportReporter -->
<testsuite hostname="DESKTOP-M3ANAKJ" failures="0" tests="1" name="com.weberp.qa.testcases.MainMenuPageTest" time="5.359" errors="0" timestamp="2024-03-25T16:16:40 AEDT" skipped="0">
  <testcase classname="com.weberp.qa.testcases.MainMenuPageTest" name="verifyInquiriesReportItems" time="5.359"/>
  <system-out/>
</testsuite> <!-- com.weberp.qa.testcases.MainMenuPageTest -->
