<?xml version="1.0" encoding="UTF-8"?>
<!-- Generated by org.testng.reporters.JUnitReportReporter -->
<testsuite hostname="DESKTOP-M3ANAKJ" failures="0" tests="1" name="com.weberp.qa.testcases.LoginPageTest" time="5.301" errors="0" timestamp="2024-03-25T11:55:41 AEDT" skipped="0">
  <testcase classname="com.weberp.qa.testcases.LoginPageTest" name="loginTest" time="5.301"/>
  <system-out/>
</testsuite> <!-- com.weberp.qa.testcases.LoginPageTest -->
